<?xml version="1.0" encoding="UTF-8"?>
<testng-results skipped="0" failed="0" ignored="0" total="4" passed="4">
  <reporter-output>
  </reporter-output>
  <suite name="search-module" duration-ms="59228" started-at="2020-06-28T05:22:48Z" finished-at="2020-06-28T05:23:47Z">
    <groups>
    </groups>
    <test name="search-test-java" duration-ms="14805" started-at="2020-06-28T05:22:48Z" finished-at="2020-06-28T05:23:02Z">
      <class name="com.SearchPage.Tests.SearchTest">
        <test-method status="PASS" signature="setUpDriver()[pri:0, instance:com.SearchPage.Tests.SearchTest@28f67ac7]" name="setUpDriver" is-config="true" duration-ms="6111" started-at="2020-06-28T05:22:48Z" finished-at="2020-06-28T05:22:54Z">
          <reporter-output>
          </reporter-output>
        </test-method> <!-- setUpDriver -->
        <test-method status="PASS" signature="search(java.lang.String)[pri:0, instance:com.SearchPage.Tests.SearchTest@28f67ac7]" name="search" duration-ms="8470" started-at="2020-06-28T05:22:54Z" finished-at="2020-06-28T05:23:02Z">
          <params>
            <param index="0">
              <value>
                <![CDATA[java]]>
              </value>
            </param>
          </params>
          <reporter-output>
          </reporter-output>
        </test-method> <!-- search -->
        <test-method status="PASS" signature="quitdriver()[pri:0, instance:com.SearchPage.Tests.SearchTest@28f67ac7]" name="quitdriver" is-config="true" duration-ms="148" started-at="2020-06-28T05:23:02Z" finished-at="2020-06-28T05:23:02Z">
          <reporter-output>
          </reporter-output>
        </test-method> <!-- quitdriver -->
      </class> <!-- com.SearchPage.Tests.SearchTest -->
    </test> <!-- search-test-java -->
    <test name="search-test-webdriver" duration-ms="13875" started-at="2020-06-28T05:23:04Z" finished-at="2020-06-28T05:23:18Z">
      <class name="com.SearchPage.Tests.SearchTest">
        <test-method status="PASS" signature="setUpDriver()[pri:0, instance:com.SearchPage.Tests.SearchTest@1134affc]" name="setUpDriver" is-config="true" duration-ms="3558" started-at="2020-06-28T05:23:04Z" finished-at="2020-06-28T05:23:08Z">
          <reporter-output>
          </reporter-output>
        </test-method> <!-- setUpDriver -->
        <test-method status="PASS" signature="search(java.lang.String)[pri:0, instance:com.SearchPage.Tests.SearchTest@1134affc]" name="search" duration-ms="10141" started-at="2020-06-28T05:23:08Z" finished-at="2020-06-28T05:23:18Z">
          <params>
            <param index="0">
              <value>
                <![CDATA[webdriver]]>
              </value>
            </param>
          </params>
          <reporter-output>
          </reporter-output>
        </test-method> <!-- search -->
        <test-method status="PASS" signature="quitdriver()[pri:0, instance:com.SearchPage.Tests.SearchTest@1134affc]" name="quitdriver" is-config="true" duration-ms="170" started-at="2020-06-28T05:23:18Z" finished-at="2020-06-28T05:23:18Z">
          <reporter-output>
          </reporter-output>
        </test-method> <!-- quitdriver -->
      </class> <!-- com.SearchPage.Tests.SearchTest -->
    </test> <!-- search-test-webdriver -->
    <test name="search-test-docker" duration-ms="14120" started-at="2020-06-28T05:23:18Z" finished-at="2020-06-28T05:23:33Z">
      <class name="com.SearchPage.Tests.SearchTest">
        <test-method status="PASS" signature="setUpDriver()[pri:0, instance:com.SearchPage.Tests.SearchTest@6bdf28bb]" name="setUpDriver" is-config="true" duration-ms="2787" started-at="2020-06-28T05:23:18Z" finished-at="2020-06-28T05:23:21Z">
          <reporter-output>
          </reporter-output>
        </test-method> <!-- setUpDriver -->
        <test-method status="PASS" signature="search(java.lang.String)[pri:0, instance:com.SearchPage.Tests.SearchTest@6bdf28bb]" name="search" duration-ms="11128" started-at="2020-06-28T05:23:21Z" finished-at="2020-06-28T05:23:32Z">
          <params>
            <param index="0">
              <value>
                <![CDATA[docker]]>
              </value>
            </param>
          </params>
          <reporter-output>
          </reporter-output>
        </test-method> <!-- search -->
        <test-method status="PASS" signature="quitdriver()[pri:0, instance:com.SearchPage.Tests.SearchTest@6bdf28bb]" name="quitdriver" is-config="true" duration-ms="199" started-at="2020-06-28T05:23:32Z" finished-at="2020-06-28T05:23:33Z">
          <reporter-output>
          </reporter-output>
        </test-method> <!-- quitdriver -->
      </class> <!-- com.SearchPage.Tests.SearchTest -->
    </test> <!-- search-test-docker -->
    <test name="search-test-kubernetes" duration-ms="14071" started-at="2020-06-28T05:23:33Z" finished-at="2020-06-28T05:23:47Z">
      <class name="com.SearchPage.Tests.SearchTest">
        <test-method status="PASS" signature="setUpDriver()[pri:0, instance:com.SearchPage.Tests.SearchTest@4c203ea1]" name="setUpDriver" is-config="true" duration-ms="2858" started-at="2020-06-28T05:23:33Z" finished-at="2020-06-28T05:23:36Z">
          <reporter-output>
          </reporter-output>
        </test-method> <!-- setUpDriver -->
        <test-method status="PASS" signature="search(java.lang.String)[pri:0, instance:com.SearchPage.Tests.SearchTest@4c203ea1]" name="search" duration-ms="11049" started-at="2020-06-28T05:23:36Z" finished-at="2020-06-28T05:23:47Z">
          <params>
            <param index="0">
              <value>
                <![CDATA[kubernetes]]>
              </value>
            </param>
          </params>
          <reporter-output>
          </reporter-output>
        </test-method> <!-- search -->
        <test-method status="PASS" signature="quitdriver()[pri:0, instance:com.SearchPage.Tests.SearchTest@4c203ea1]" name="quitdriver" is-config="true" duration-ms="162" started-at="2020-06-28T05:23:47Z" finished-at="2020-06-28T05:23:47Z">
          <reporter-output>
          </reporter-output>
        </test-method> <!-- quitdriver -->
      </class> <!-- com.SearchPage.Tests.SearchTest -->
    </test> <!-- search-test-kubernetes -->
  </suite> <!-- search-module -->
</testng-results>
